This file contains any messages produced by compilers while
running configure, to aid debugging if configure makes a mistake.

It was created by configure, which was
generated by GNU Autoconf 2.63.  Invocation command line was

  $ ./configure 

## --------- ##
## Platform. ##
## --------- ##

hostname = skb-open-gw.novalocal
uname -m = x86_64
uname -r = 3.10.0-862.el7.x86_64
uname -s = Linux
uname -v = #1 SMP Wed Mar 21 18:14:51 EDT 2018

/usr/bin/uname -p = x86_64
/bin/uname -X     = unknown

/bin/arch              = x86_64
/usr/bin/arch -k       = unknown
/usr/convex/getsysinfo = unknown
/usr/bin/hostinfo      = unknown
/bin/machine           = unknown
/usr/bin/oslevel       = unknown
/bin/universe          = unknown

PATH: .
PATH: /home/gw/HOME/bin
PATH: /usr/local/bin
PATH: /usr/bin
PATH: /usr/local/sbin
PATH: /usr/sbin
PATH: /home/gw/.local/bin
PATH: /home/gw/bin


## ----------- ##
## Core tests. ##
## ----------- ##

configure:1841: checking ua_os_name
configure:1845: result: linux
configure:1848: checking ua_os_version
configure:1852: result: 3_10_0_862_el7_x86_64
configure:1855: checking ua_os_info
configure:1862: result: linux3_10_0_862_el7_x86_64
configure:1865: checking ua_mach_name
configure:1870: result: x86_64
configure:1873: checking ua_cpu_name
configure:1882: result: x86_64
configure:1943: checking for cc
configure:1959: found /usr/bin/cc
configure:1970: result: cc
configure:2004: checking for C compiler version
configure:2012: cc --version >&5
cc (GCC) 4.8.5 20150623 (Red Hat 4.8.5-39)
Copyright (C) 2015 Free Software Foundation, Inc.
This is free software; see the source for copying conditions.  There is NO
warranty; not even for MERCHANTABILITY or FITNESS FOR A PARTICULAR PURPOSE.

configure:2016: $? = 0
configure:2023: cc -v >&5
Using built-in specs.
COLLECT_GCC=cc
COLLECT_LTO_WRAPPER=/usr/libexec/gcc/x86_64-redhat-linux/4.8.5/lto-wrapper
Target: x86_64-redhat-linux
Configured with: ../configure --prefix=/usr --mandir=/usr/share/man --infodir=/usr/share/info --with-bugurl=http://bugzilla.redhat.com/bugzilla --enable-bootstrap --enable-shared --enable-threads=posix --enable-checking=release --with-system-zlib --enable-__cxa_atexit --disable-libunwind-exceptions --enable-gnu-unique-object --enable-linker-build-id --with-linker-hash-style=gnu --enable-languages=c,c++,objc,obj-c++,java,fortran,ada,go,lto --enable-plugin --enable-initfini-array --disable-libgcj --with-isl=/builddir/build/BUILD/gcc-4.8.5-20150702/obj-x86_64-redhat-linux/isl-install --with-cloog=/builddir/build/BUILD/gcc-4.8.5-20150702/obj-x86_64-redhat-linux/cloog-install --enable-gnu-indirect-function --with-tune=generic --with-arch_32=x86-64 --build=x86_64-redhat-linux
Thread model: posix
gcc version 4.8.5 20150623 (Red Hat 4.8.5-39) (GCC) 
configure:2027: $? = 0
configure:2034: cc -V >&5
cc: error: unrecognized command line option '-V'
cc: fatal error: no input files
compilation terminated.
configure:2038: $? = 4
configure:2061: checking for C compiler default output file name
configure:2083: cc    conftest.c  >&5
configure:2087: $? = 0
configure:2125: result: a.out
configure:2144: checking whether the C compiler works
configure:2154: ./a.out
configure:2158: $? = 0
configure:2177: result: yes
configure:2184: checking whether we are cross compiling
configure:2186: result: no
configure:2189: checking for suffix of executables
configure:2196: cc -o conftest    conftest.c  >&5
configure:2200: $? = 0
configure:2226: result: 
configure:2232: checking for suffix of object files
configure:2258: cc -c   conftest.c >&5
configure:2262: $? = 0
configure:2287: result: o
configure:2291: checking whether we are using the GNU C compiler
configure:2320: cc -c   conftest.c >&5
configure:2327: $? = 0
configure:2344: result: yes
configure:2353: checking whether cc accepts -g
configure:2383: cc -c -g  conftest.c >&5
configure:2390: $? = 0
configure:2491: result: yes
configure:2508: checking for cc option to accept ISO C89
configure:2582: cc  -c -g -O2  conftest.c >&5
configure:2589: $? = 0
configure:2612: result: none needed
configure:2688: checking for cxx
configure:2718: result: no
configure:2688: checking for aCC
configure:2718: result: no
configure:2688: checking for CC
configure:2718: result: no
configure:2688: checking for g++
configure:2704: found /usr/bin/g++
configure:2715: result: g++
configure:2742: checking for C++ compiler version
configure:2750: g++ --version >&5
g++ (GCC) 4.8.5 20150623 (Red Hat 4.8.5-39)
Copyright (C) 2015 Free Software Foundation, Inc.
This is free software; see the source for copying conditions.  There is NO
warranty; not even for MERCHANTABILITY or FITNESS FOR A PARTICULAR PURPOSE.

configure:2754: $? = 0
configure:2761: g++ -v >&5
Using built-in specs.
COLLECT_GCC=g++
COLLECT_LTO_WRAPPER=/usr/libexec/gcc/x86_64-redhat-linux/4.8.5/lto-wrapper
Target: x86_64-redhat-linux
Configured with: ../configure --prefix=/usr --mandir=/usr/share/man --infodir=/usr/share/info --with-bugurl=http://bugzilla.redhat.com/bugzilla --enable-bootstrap --enable-shared --enable-threads=posix --enable-checking=release --with-system-zlib --enable-__cxa_atexit --disable-libunwind-exceptions --enable-gnu-unique-object --enable-linker-build-id --with-linker-hash-style=gnu --enable-languages=c,c++,objc,obj-c++,java,fortran,ada,go,lto --enable-plugin --enable-initfini-array --disable-libgcj --with-isl=/builddir/build/BUILD/gcc-4.8.5-20150702/obj-x86_64-redhat-linux/isl-install --with-cloog=/builddir/build/BUILD/gcc-4.8.5-20150702/obj-x86_64-redhat-linux/cloog-install --enable-gnu-indirect-function --with-tune=generic --with-arch_32=x86-64 --build=x86_64-redhat-linux
Thread model: posix
gcc version 4.8.5 20150623 (Red Hat 4.8.5-39) (GCC) 
configure:2765: $? = 0
configure:2772: g++ -V >&5
g++: error: unrecognized command line option '-V'
g++: fatal error: no input files
compilation terminated.
configure:2776: $? = 4
configure:2779: checking whether we are using the GNU C++ compiler
configure:2808: g++ -c   conftest.cpp >&5
configure:2815: $? = 0
configure:2832: result: yes
configure:2841: checking whether g++ accepts -g
configure:2871: g++ -c -g  conftest.cpp >&5
configure:2878: $? = 0
configure:2979: result: yes
configure:3028: checking ua_compile_64bit
configure:3039: result: yes
configure:3232: checking ua_copy_uasys_home
configure:3236: result: no
configure:3257: checking how to run the C preprocessor
configure:3297: cc -E -D__LINUX__ -DPIC -D_GNU_SOURCE -D_REENTRANT conftest.c
configure:3304: $? = 0
configure:3335: cc -E -D__LINUX__ -DPIC -D_GNU_SOURCE -D_REENTRANT conftest.c
conftest.c:8:28: fatal error: ac_nonexistent.h: No such file or directory
 #include <ac_nonexistent.h>
                            ^
compilation terminated.
configure:3342: $? = 1
configure: failed program was:
| /* confdefs.h.  */
| #define PACKAGE_NAME ""
| #define PACKAGE_TARNAME ""
| #define PACKAGE_VERSION ""
| #define PACKAGE_STRING ""
| #define PACKAGE_BUGREPORT ""
| /* end confdefs.h.  */
| #include <ac_nonexistent.h>
configure:3375: result: cc -E
configure:3404: cc -E -D__LINUX__ -DPIC -D_GNU_SOURCE -D_REENTRANT conftest.c
configure:3411: $? = 0
configure:3442: cc -E -D__LINUX__ -DPIC -D_GNU_SOURCE -D_REENTRANT conftest.c
conftest.c:8:28: fatal error: ac_nonexistent.h: No such file or directory
 #include <ac_nonexistent.h>
                            ^
compilation terminated.
configure:3449: $? = 1
configure: failed program was:
| /* confdefs.h.  */
| #define PACKAGE_NAME ""
| #define PACKAGE_TARNAME ""
| #define PACKAGE_VERSION ""
| #define PACKAGE_STRING ""
| #define PACKAGE_BUGREPORT ""
| /* end confdefs.h.  */
| #include <ac_nonexistent.h>
configure:3489: checking for grep that handles long lines and -e
configure:3549: result: /usr/bin/grep
configure:3554: checking for egrep
configure:3618: result: /usr/bin/grep -E
configure:3624: checking for sockaddr_in6
configure:3647: result: yes
configure:3658: checking for sa_len
configure:3685: cc -c -Wshadow -fPIC   -g -O -fomit-frame-pointer -Wall -D__LINUX__ -DPIC -D_GNU_SOURCE -D_REENTRANT conftest.c >&5
conftest.c: In function 'main':
conftest.c:14:20: error: 'struct sockaddr' has no member named 'sa_len'
 struct sockaddr t;t.sa_len = 0;
                    ^
conftest.c:14:17: warning: variable 't' set but not used [-Wunused-but-set-variable]
 struct sockaddr t;t.sa_len = 0;
                 ^
configure:3692: $? = 1
configure: failed program was:
| /* confdefs.h.  */
| #define PACKAGE_NAME ""
| #define PACKAGE_TARNAME ""
| #define PACKAGE_VERSION ""
| #define PACKAGE_STRING ""
| #define PACKAGE_BUGREPORT ""
| #define UA_HAVE_SIN6 1
| /* end confdefs.h.  */
| #include <sys/types.h>
| 			#include <sys/socket.h>
| int
| main ()
| {
| struct sockaddr t;t.sa_len = 0;
|   ;
|   return 0;
| }
configure:3707: result: no
configure:3717: checking for ANSI C header files
configure:3747: cc -c -Wshadow -fPIC   -g -O -fomit-frame-pointer -Wall -D__LINUX__ -DPIC -D_GNU_SOURCE -D_REENTRANT conftest.c >&5
configure:3754: $? = 0
configure:3853: cc -o conftest -Wshadow -fPIC   -g -O -fomit-frame-pointer -Wall -D__LINUX__ -DPIC -D_GNU_SOURCE -D_REENTRANT  conftest.c  >&5
configure:3857: $? = 0
configure:3863: ./conftest
configure:3867: $? = 0
configure:3885: result: yes
configure:3909: checking for sys/types.h
configure:3930: cc -c -Wshadow -fPIC   -g -O -fomit-frame-pointer -Wall -D__LINUX__ -DPIC -D_GNU_SOURCE -D_REENTRANT conftest.c >&5
configure:3937: $? = 0
configure:3954: result: yes
configure:3909: checking for sys/stat.h
configure:3930: cc -c -Wshadow -fPIC   -g -O -fomit-frame-pointer -Wall -D__LINUX__ -DPIC -D_GNU_SOURCE -D_REENTRANT conftest.c >&5
configure:3937: $? = 0
configure:3954: result: yes
configure:3909: checking for stdlib.h
configure:3930: cc -c -Wshadow -fPIC   -g -O -fomit-frame-pointer -Wall -D__LINUX__ -DPIC -D_GNU_SOURCE -D_REENTRANT conftest.c >&5
configure:3937: $? = 0
configure:3954: result: yes
configure:3909: checking for string.h
configure:3930: cc -c -Wshadow -fPIC   -g -O -fomit-frame-pointer -Wall -D__LINUX__ -DPIC -D_GNU_SOURCE -D_REENTRANT conftest.c >&5
configure:3937: $? = 0
configure:3954: result: yes
configure:3909: checking for memory.h
configure:3930: cc -c -Wshadow -fPIC   -g -O -fomit-frame-pointer -Wall -D__LINUX__ -DPIC -D_GNU_SOURCE -D_REENTRANT conftest.c >&5
configure:3937: $? = 0
configure:3954: result: yes
configure:3909: checking for strings.h
configure:3930: cc -c -Wshadow -fPIC   -g -O -fomit-frame-pointer -Wall -D__LINUX__ -DPIC -D_GNU_SOURCE -D_REENTRANT conftest.c >&5
configure:3937: $? = 0
configure:3954: result: yes
configure:3909: checking for inttypes.h
configure:3930: cc -c -Wshadow -fPIC   -g -O -fomit-frame-pointer -Wall -D__LINUX__ -DPIC -D_GNU_SOURCE -D_REENTRANT conftest.c >&5
configure:3937: $? = 0
configure:3954: result: yes
configure:3909: checking for stdint.h
configure:3930: cc -c -Wshadow -fPIC   -g -O -fomit-frame-pointer -Wall -D__LINUX__ -DPIC -D_GNU_SOURCE -D_REENTRANT conftest.c >&5
configure:3937: $? = 0
configure:3954: result: yes
configure:3909: checking for unistd.h
configure:3930: cc -c -Wshadow -fPIC   -g -O -fomit-frame-pointer -Wall -D__LINUX__ -DPIC -D_GNU_SOURCE -D_REENTRANT conftest.c >&5
configure:3937: $? = 0
configure:3954: result: yes
configure:3984: checking /usr/local/include/lua.h usability
configure:4001: cc -c -Wshadow -fPIC   -g -O -fomit-frame-pointer -Wall -D__LINUX__ -DPIC -D_GNU_SOURCE -D_REENTRANT conftest.c >&5
conftest.c:52:36: fatal error: /usr/local/include/lua.h: No such file or directory
 #include </usr/local/include/lua.h>
                                    ^
compilation terminated.
configure:4008: $? = 1
configure: failed program was:
| /* confdefs.h.  */
| #define PACKAGE_NAME ""
| #define PACKAGE_TARNAME ""
| #define PACKAGE_VERSION ""
| #define PACKAGE_STRING ""
| #define PACKAGE_BUGREPORT ""
| #define UA_HAVE_SIN6 1
| #define STDC_HEADERS 1
| #define HAVE_SYS_TYPES_H 1
| #define HAVE_SYS_STAT_H 1
| #define HAVE_STDLIB_H 1
| #define HAVE_STRING_H 1
| #define HAVE_MEMORY_H 1
| #define HAVE_STRINGS_H 1
| #define HAVE_INTTYPES_H 1
| #define HAVE_STDINT_H 1
| #define HAVE_UNISTD_H 1
| /* end confdefs.h.  */
| #include <stdio.h>
| #ifdef HAVE_SYS_TYPES_H
| # include <sys/types.h>
| #endif
| #ifdef HAVE_SYS_STAT_H
| # include <sys/stat.h>
| #endif
| #ifdef STDC_HEADERS
| # include <stdlib.h>
| # include <stddef.h>
| #else
| # ifdef HAVE_STDLIB_H
| #  include <stdlib.h>
| # endif
| #endif
| #ifdef HAVE_STRING_H
| # if !defined STDC_HEADERS && defined HAVE_MEMORY_H
| #  include <memory.h>
| # endif
| # include <string.h>
| #endif
| #ifdef HAVE_STRINGS_H
| # include <strings.h>
| #endif
| #ifdef HAVE_INTTYPES_H
| # include <inttypes.h>
| #endif
| #ifdef HAVE_STDINT_H
| # include <stdint.h>
| #endif
| #ifdef HAVE_UNISTD_H
| # include <unistd.h>
| #endif
| #include </usr/local/include/lua.h>
configure:4022: result: no
configure:4026: checking /usr/local/include/lua.h presence
configure:4041: cc -E -D__LINUX__ -DPIC -D_GNU_SOURCE -D_REENTRANT conftest.c
conftest.c:19:36: fatal error: /usr/local/include/lua.h: No such file or directory
 #include </usr/local/include/lua.h>
                                    ^
compilation terminated.
configure:4048: $? = 1
configure: failed program was:
| /* confdefs.h.  */
| #define PACKAGE_NAME ""
| #define PACKAGE_TARNAME ""
| #define PACKAGE_VERSION ""
| #define PACKAGE_STRING ""
| #define PACKAGE_BUGREPORT ""
| #define UA_HAVE_SIN6 1
| #define STDC_HEADERS 1
| #define HAVE_SYS_TYPES_H 1
| #define HAVE_SYS_STAT_H 1
| #define HAVE_STDLIB_H 1
| #define HAVE_STRING_H 1
| #define HAVE_MEMORY_H 1
| #define HAVE_STRINGS_H 1
| #define HAVE_INTTYPES_H 1
| #define HAVE_STDINT_H 1
| #define HAVE_UNISTD_H 1
| /* end confdefs.h.  */
| #include </usr/local/include/lua.h>
configure:4062: result: no
configure:4090: checking for /usr/local/include/lua.h
configure:4099: result: no
configure:4126: checking /usr/local/include/luajit/luajit.h usability
configure:4143: cc -c -Wshadow -fPIC   -g -O -fomit-frame-pointer -Wall -D__LINUX__ -DPIC -D_GNU_SOURCE -D_REENTRANT conftest.c >&5
conftest.c:52:46: fatal error: /usr/local/include/luajit/luajit.h: No such file or directory
 #include </usr/local/include/luajit/luajit.h>
                                              ^
compilation terminated.
configure:4150: $? = 1
configure: failed program was:
| /* confdefs.h.  */
| #define PACKAGE_NAME ""
| #define PACKAGE_TARNAME ""
| #define PACKAGE_VERSION ""
| #define PACKAGE_STRING ""
| #define PACKAGE_BUGREPORT ""
| #define UA_HAVE_SIN6 1
| #define STDC_HEADERS 1
| #define HAVE_SYS_TYPES_H 1
| #define HAVE_SYS_STAT_H 1
| #define HAVE_STDLIB_H 1
| #define HAVE_STRING_H 1
| #define HAVE_MEMORY_H 1
| #define HAVE_STRINGS_H 1
| #define HAVE_INTTYPES_H 1
| #define HAVE_STDINT_H 1
| #define HAVE_UNISTD_H 1
| /* end confdefs.h.  */
| #include <stdio.h>
| #ifdef HAVE_SYS_TYPES_H
| # include <sys/types.h>
| #endif
| #ifdef HAVE_SYS_STAT_H
| # include <sys/stat.h>
| #endif
| #ifdef STDC_HEADERS
| # include <stdlib.h>
| # include <stddef.h>
| #else
| # ifdef HAVE_STDLIB_H
| #  include <stdlib.h>
| # endif
| #endif
| #ifdef HAVE_STRING_H
| # if !defined STDC_HEADERS && defined HAVE_MEMORY_H
| #  include <memory.h>
| # endif
| # include <string.h>
| #endif
| #ifdef HAVE_STRINGS_H
| # include <strings.h>
| #endif
| #ifdef HAVE_INTTYPES_H
| # include <inttypes.h>
| #endif
| #ifdef HAVE_STDINT_H
| # include <stdint.h>
| #endif
| #ifdef HAVE_UNISTD_H
| # include <unistd.h>
| #endif
| #include </usr/local/include/luajit/luajit.h>
configure:4164: result: no
configure:4168: checking /usr/local/include/luajit/luajit.h presence
configure:4183: cc -E -D__LINUX__ -DPIC -D_GNU_SOURCE -D_REENTRANT conftest.c
conftest.c:19:46: fatal error: /usr/local/include/luajit/luajit.h: No such file or directory
 #include </usr/local/include/luajit/luajit.h>
                                              ^
compilation terminated.
configure:4190: $? = 1
configure: failed program was:
| /* confdefs.h.  */
| #define PACKAGE_NAME ""
| #define PACKAGE_TARNAME ""
| #define PACKAGE_VERSION ""
| #define PACKAGE_STRING ""
| #define PACKAGE_BUGREPORT ""
| #define UA_HAVE_SIN6 1
| #define STDC_HEADERS 1
| #define HAVE_SYS_TYPES_H 1
| #define HAVE_SYS_STAT_H 1
| #define HAVE_STDLIB_H 1
| #define HAVE_STRING_H 1
| #define HAVE_MEMORY_H 1
| #define HAVE_STRINGS_H 1
| #define HAVE_INTTYPES_H 1
| #define HAVE_STDINT_H 1
| #define HAVE_UNISTD_H 1
| /* end confdefs.h.  */
| #include </usr/local/include/luajit/luajit.h>
configure:4204: result: no
configure:4232: checking for /usr/local/include/luajit/luajit.h
configure:4241: result: no
configure:4268: checking /usr/local/include/luajit-2.0/luajit.h usability
configure:4285: cc -c -Wshadow -fPIC   -g -O -fomit-frame-pointer -Wall -D__LINUX__ -DPIC -D_GNU_SOURCE -D_REENTRANT conftest.c >&5
configure:4292: $? = 0
configure:4306: result: yes
configure:4310: checking /usr/local/include/luajit-2.0/luajit.h presence
configure:4325: cc -E -D__LINUX__ -DPIC -D_GNU_SOURCE -D_REENTRANT conftest.c
configure:4332: $? = 0
configure:4346: result: yes
configure:4374: checking for /usr/local/include/luajit-2.0/luajit.h
configure:4383: result: yes
configure:4410: checking ua_has_lua
configure:4422: result: yes
configure:4425: checking ua_use_luajit
configure:4429: result: yes
configure:4438: checking ua_lua_include_path
configure:4440: result: include/luajit-2.0
configure:4456: checking ua_lua_libs
configure:4458: result: 
configure:4472: checking uims_ver_major
configure:4476: result: 1
configure:4478: checking uims_ver_minor
configure:4482: result: 0
configure:4484: checking uims_ver_deploy
configure:4488: result: 0
configure:4490: checking uims_ver_link
configure:4494: result: 1.0
configure:4496: checking uims_version
configure:4500: result: 1.0.0
configure:4643: creating ./config.status

## ---------------------- ##
## Running config.status. ##
## ---------------------- ##

This file was extended by config.status, which was
generated by GNU Autoconf 2.63.  Invocation command line was

  CONFIG_FILES    = 
  CONFIG_HEADERS  = 
  CONFIG_LINKS    = 
  CONFIG_COMMANDS = 
  $ ./config.status 

on skb-open-gw.novalocal

config.status:679: creating pre.conf
config.status:679: creating Jamfile.sys
config.status:663: error: cannot find input file: ../src/common/uims/uims_def.h.in

## ---------------- ##
## Cache variables. ##
## ---------------- ##

ac_cv_c_compiler_gnu=yes
ac_cv_cxx_compiler_gnu=yes
ac_cv_env_CCC_set=
ac_cv_env_CCC_value=
ac_cv_env_CC_set=
ac_cv_env_CC_value=
ac_cv_env_CFLAGS_set=
ac_cv_env_CFLAGS_value=
ac_cv_env_CPPFLAGS_set=
ac_cv_env_CPPFLAGS_value=
ac_cv_env_CPP_set=
ac_cv_env_CPP_value=
ac_cv_env_CXXFLAGS_set=
ac_cv_env_CXXFLAGS_value=
ac_cv_env_CXX_set=
ac_cv_env_CXX_value=
ac_cv_env_LDFLAGS_set=
ac_cv_env_LDFLAGS_value=
ac_cv_env_LIBS_set=
ac_cv_env_LIBS_value=
ac_cv_env_build_alias_set=
ac_cv_env_build_alias_value=
ac_cv_env_host_alias_set=
ac_cv_env_host_alias_value=
ac_cv_env_target_alias_set=
ac_cv_env_target_alias_value=
ac_cv_header__usr_local_include_lua_h=no
ac_cv_header__usr_local_include_luajit_2_0_luajit_h=yes
ac_cv_header__usr_local_include_luajit_luajit_h=no
ac_cv_header_inttypes_h=yes
ac_cv_header_memory_h=yes
ac_cv_header_stdc=yes
ac_cv_header_stdint_h=yes
ac_cv_header_stdlib_h=yes
ac_cv_header_string_h=yes
ac_cv_header_strings_h=yes
ac_cv_header_sys_stat_h=yes
ac_cv_header_sys_types_h=yes
ac_cv_header_unistd_h=yes
ac_cv_objext=o
ac_cv_path_EGREP='/usr/bin/grep -E'
ac_cv_path_GREP=/usr/bin/grep
ac_cv_prog_CPP='cc -E'
ac_cv_prog_ac_ct_CC=cc
ac_cv_prog_ac_ct_CXX=g++
ac_cv_prog_cc_c89=
ac_cv_prog_cc_g=yes
ac_cv_prog_cxx_g=yes
ac_cv_sa_len=no
ac_cv_sin6=yes

## ----------------- ##
## Output variables. ##
## ----------------- ##

CC='cc'
CFLAGS='-Wshadow -fPIC   -g -O -fomit-frame-pointer -Wall'
CFLAGS_OPTIMIZE='-O -fomit-frame-pointer'
CFLAGS_WARN_ALL='-Wall'
CINCLUDE=''
CPP='cc -E'
CPPFLAGS='-D__LINUX__ -DPIC -D_GNU_SOURCE -D_REENTRANT'
CXX='g++'
CXXFLAGS='-Wshadow -fPIC   -g -O -fomit-frame-pointer -Wall'
CXXINCLUDE=''
DEFS='-DPACKAGE_NAME=\"\" -DPACKAGE_TARNAME=\"\" -DPACKAGE_VERSION=\"\" -DPACKAGE_STRING=\"\" -DPACKAGE_BUGREPORT=\"\" -DUA_HAVE_SIN6=1 -DSTDC_HEADERS=1 -DHAVE_SYS_TYPES_H=1 -DHAVE_SYS_STAT_H=1 -DHAVE_STDLIB_H=1 -DHAVE_STRING_H=1 -DHAVE_MEMORY_H=1 -DHAVE_STRINGS_H=1 -DHAVE_INTTYPES_H=1 -DHAVE_STDINT_H=1 -DHAVE_UNISTD_H=1'
DEPEND_COMMAND='cc -f $DEPEND_FILE -- $(CPPFLAGS) $(CINCLUDE) $(CXXINCLUDE) -- $DEPEND_SOURCES 2> null'
ECHO_C=''
ECHO_N='-n'
ECHO_T=''
EGREP='/usr/bin/grep -E'
EXEEXT=''
GREP='/usr/bin/grep'
LDFLAGS=''
LIBOBJS=''
LIBS=''
LINKER='cc'
LTLIBOBJS=''
MAKDEDEPEND=''
OBJEXT='o'
PACKAGE_BUGREPORT=''
PACKAGE_NAME=''
PACKAGE_STRING=''
PACKAGE_TARNAME=''
PACKAGE_VERSION=''
PATH_SEPARATOR=':'
SHELL='/bin/sh'
SHLDFLAGS='-shared'
SHLINKER='cc'
SH_NEEDLIBS_BEGIN='-Wl,--whole-archive'
SH_NEEDLIBS_EACH=''
SH_NEEDLIBS_END='-Wl,--no-whole-archive'
SUFSHARED='.so'
ac_ct_CC='cc'
ac_ct_CXX='g++'
bindir='${exec_prefix}/bin'
build_alias=''
datadir='${datarootdir}'
datarootdir='${prefix}/share'
docdir='${datarootdir}/doc/${PACKAGE}'
dvidir='${docdir}'
exec_prefix='${prefix}'
host_alias=''
htmldir='${docdir}'
includedir='${prefix}/include'
infodir='${datarootdir}/info'
libdir='${exec_prefix}/lib'
libexecdir='${exec_prefix}/libexec'
localedir='${datarootdir}/locale'
localstatedir='${prefix}/var'
mandir='${datarootdir}/man'
oldincludedir='/usr/include'
pdfdir='${docdir}'
prefix='/usr/local'
program_transform_name='s,x,x,'
psdir='${docdir}'
sbindir='${exec_prefix}/sbin'
sharedstatedir='${prefix}/com'
sysconfdir='${prefix}/etc'
target_alias=''
ua_compile_64bit='yes'
ua_copy_uasys_home='no'
ua_cpu_name='x86_64'
ua_has_lua='yes'
ua_lua_include_path='include/luajit-2.0'
ua_lua_libs=''
ua_mach_name='x86_64'
ua_os_info='linux3_10_0_862_el7_x86_64'
ua_os_name='linux'
ua_os_version='3_10_0_862_el7_x86_64'
ua_use_luajit='yes'
uims_ver_deploy='0'
uims_ver_link='1.0'
uims_ver_major='1'
uims_ver_minor='0'
uims_version='1.0.0'

## ----------- ##
## confdefs.h. ##
## ----------- ##

#define PACKAGE_NAME ""
#define PACKAGE_TARNAME ""
#define PACKAGE_VERSION ""
#define PACKAGE_STRING ""
#define PACKAGE_BUGREPORT ""
#define UA_HAVE_SIN6 1
#define STDC_HEADERS 1
#define HAVE_SYS_TYPES_H 1
#define HAVE_SYS_STAT_H 1
#define HAVE_STDLIB_H 1
#define HAVE_STRING_H 1
#define HAVE_MEMORY_H 1
#define HAVE_STRINGS_H 1
#define HAVE_INTTYPES_H 1
#define HAVE_STDINT_H 1
#define HAVE_UNISTD_H 1

configure: exit 1
